\BOOKMARK [-1][-]{part.1}{\376\377\000I\000\040\000M\000a\000t\000e\000r\000i\000a\000l\000\040\000I\000n\000t\000r\000o\000d\000u\000t\000\363\000r\000i\000o}{}% 1
\BOOKMARK [0][-]{chapter.1}{\376\377\000I\000n\000t\000r\000o\000d\000u\000\347\000\343\000o}{part.1}% 2
\BOOKMARK [1][-]{section.1.1}{\376\377\000C\000o\000n\000t\000e\000x\000t\000u\000a\000l\000i\000z\000a\000\347\000\343\000o}{chapter.1}% 3
\BOOKMARK [1][-]{section.1.2}{\376\377\000M\000o\000t\000i\000v\000a\000\347\000\343\000o}{chapter.1}% 4
\BOOKMARK [1][-]{section.1.3}{\376\377\000O\000b\000j\000e\000t\000i\000v\000o\000s}{chapter.1}% 5
\BOOKMARK [0][-]{chapter.2}{\376\377\000E\000s\000t\000a\000d\000o\000\040\000d\000a\000\040\000a\000r\000t\000e}{part.1}% 6
\BOOKMARK [1][-]{section.2.1}{\376\377\000C\000i\000t\000a\000\347\000\365\000e\000s}{chapter.2}% 7
\BOOKMARK [1][-]{section.2.2}{\376\377\000E\000x\000p\000r\000e\000s\000s\000\365\000e\000s\000\040\000m\000a\000t\000e\000m\000\341\000t\000i\000c\000a\000s}{chapter.2}% 8
\BOOKMARK [1][-]{section.2.3}{\376\377\000N\000o\000t\000a\000s\000\040\000d\000e\000\040\000r\000o\000d\000a\000p\000\351}{chapter.2}% 9
\BOOKMARK [1][-]{section.2.4}{\376\377\000A\000c\000r\000\363\000n\000i\000m\000o\000s\000\040\000e\000\040\000G\000l\000o\000s\000s\000\341\000r\000i\000o}{chapter.2}% 10
\BOOKMARK [1][-]{section.2.5}{\376\377\000\315\000n\000d\000i\000c\000e}{chapter.2}% 11
\BOOKMARK [0][-]{chapter.3}{\376\377\000E\000s\000t\000a\000d\000o\000\040\000d\000a\000\040\000a\000r\000t\000e}{part.1}% 12
\BOOKMARK [1][-]{section.3.1}{\376\377\000c\000m\000p}{chapter.3}% 13
\BOOKMARK [2][-]{subsection.3.1.1}{\376\377\000F\000l\000u\000x\000o\000\040\000d\000e\000\040\000I\000m\000p\000l\000e\000m\000e\000n\000t\000a\000\347\000\343\000o\000\040\000d\000e\000\040\000u\000m\000a\000\040\000c\000m\000p}{section.3.1}% 14
\BOOKMARK [1][-]{section.3.2}{\376\377\000L\000i\000m\000i\000t\000a\000\347\000\365\000e\000s\000\040\000d\000a\000s\000\040\000c\000m\000p\000s\000\040\000E\000x\000i\000s\000t\000e\000n\000t\000e\000s}{chapter.3}% 15
\BOOKMARK [2][-]{subsection.3.2.1}{\376\377\000D\000i\000s\000c\000u\000s\000s\000\343\000o}{section.3.2}% 16
\BOOKMARK [1][-]{section.3.3}{\376\377\000T\000r\000a\000b\000a\000l\000h\000o\000\040\000R\000e\000l\000a\000c\000i\000o\000n\000a\000d\000o}{chapter.3}% 17
\BOOKMARK [2][-]{subsection.3.3.1}{\376\377\000r\000g\000p\000d}{section.3.3}% 18
\BOOKMARK [2][-]{subsection.3.3.2}{\376\377\000B\000l\000o\000c\000k\000c\000h\000a\000i\000n\000\040\000e\000\040\000C\000o\000n\000t\000r\000a\000t\000o\000s\000\040\000I\000n\000t\000e\000l\000i\000g\000e\000n\000t\000e\000s}{section.3.3}% 19
\BOOKMARK [0][-]{chapter.4}{\376\377\000O\000\040\000p\000r\000o\000b\000l\000e\000m\000a\000\040\000e\000\040\000o\000s\000\040\000s\000e\000u\000s\000\040\000d\000e\000s\000a\000f\000i\000o\000s}{part.1}% 20
\BOOKMARK [1][-]{section.4.1}{\376\377\000I\000m\000a\000g\000e\000n\000s}{chapter.4}% 21
\BOOKMARK [0][-]{chapter.5}{\376\377\000A\000b\000o\000r\000d\000a\000g\000e\000m\000\040\000p\000r\000o\000p\000o\000s\000t\000a}{part.1}% 22
\BOOKMARK [1][-]{section.5.1}{\376\377\000A\000\040\000N\000e\000c\000e\000s\000s\000i\000d\000a\000d\000e\000\040\000d\000e\000\040\000c\000m\000p\000s\000\040\000O\000p\000e\000n\000\040\000S\000o\000u\000r\000c\000e}{chapter.5}% 23
\BOOKMARK [1][-]{section.5.2}{\376\377\000E\000x\000t\000e\000n\000s\000\343\000o\000\040\000d\000o\000\040\000W\000o\000r\000k\000f\000l\000o\000w\000\040\000c\000o\000m\000\040\000b\000l\000o\000c\000k\000c\000h\000a\000i\000n}{chapter.5}% 24
\BOOKMARK [1][-]{section.5.3}{\376\377\000P\000l\000a\000n\000e\000a\000m\000e\000n\000t\000o}{chapter.5}% 25
\BOOKMARK [1][-]{section.5.4}{\376\377\000V\000i\000s\000\343\000o\000\040\000G\000e\000r\000a\000l\000\040\000d\000a\000\040\000A\000r\000q\000u\000i\000t\000e\000c\000t\000u\000r\000a}{chapter.5}% 26
\BOOKMARK [2][-]{subsection.5.4.1}{\376\377\000C\000o\000m\000p\000o\000n\000e\000n\000t\000e\000s\000\040\000d\000a\000\040\000S\000o\000l\000u\000\347\000\343\000o}{section.5.4}% 27
\BOOKMARK [2][-]{subsection.5.4.2}{\376\377\000L\000\363\000g\000i\000c\000a\000\040\000d\000e\000\040\000F\000u\000n\000c\000i\000o\000n\000a\000m\000e\000n\000t\000o}{section.5.4}% 28
\BOOKMARK [2][-]{subsection.5.4.3}{\376\377\000A\000l\000g\000o\000r\000i\000t\000m\000o\000s\000\040\000d\000e\000\040\000c\000r\000i\000p\000t\000o\000g\000r\000a\000f\000i\000a}{section.5.4}% 29
\BOOKMARK [2][-]{subsection.5.4.4}{\376\377\000P\000r\000o\000t\000o\000c\000o\000l\000o\000\040\000d\000e\000\040\000C\000o\000n\000s\000e\000n\000s\000o}{section.5.4}% 30
\BOOKMARK [2][-]{subsection.5.4.5}{\376\377\000L\000\363\000g\000i\000c\000a\000\040\000d\000e\000\040\000R\000e\000s\000o\000l\000u\000\347\000\343\000o}{section.5.4}% 31
\BOOKMARK [2][-]{subsection.5.4.6}{\376\377\000I\000n\000t\000e\000r\000a\000c\000\347\000\343\000o\000\040\000E\000n\000t\000r\000e\000\040\000C\000o\000m\000p\000o\000n\000e\000n\000t\000e\000s}{section.5.4}% 32
\BOOKMARK [2][-]{subsection.5.4.7}{\376\377\000B\000e\000n\000e\000f\000\355\000c\000i\000o\000s\000\040\000d\000a\000\040\000A\000r\000q\000u\000i\000t\000e\000c\000t\000u\000r\000a}{section.5.4}% 33
\BOOKMARK [-1][-]{part.2}{\376\377\000I\000I\000\040\000C\000o\000r\000p\000o\000\040\000d\000a\000\040\000D\000i\000s\000s\000e\000r\000t\000a\000\347\000\343\000o}{}% 34
\BOOKMARK [0][-]{chapter.6}{\376\377\000C\000o\000n\000t\000r\000i\000b\000u\000i\000\347\000\343\000o}{part.2}% 35
\BOOKMARK [1][-]{section.6.1}{\376\377\000I\000n\000t\000r\000o\000d\000u\000\347\000\343\000o}{chapter.6}% 36
\BOOKMARK [1][-]{section.6.2}{\376\377\000S\000u\000m\000\341\000r\000i\000o}{chapter.6}% 37
\BOOKMARK [0][-]{chapter.7}{\376\377\000A\000p\000l\000i\000c\000a\000\347\000\365\000e\000s}{part.2}% 38
\BOOKMARK [1][-]{section.7.1}{\376\377\000I\000n\000t\000r\000o\000d\000u\000\347\000\343\000o}{chapter.7}% 39
\BOOKMARK [1][-]{section.7.2}{\376\377\000S\000u\000m\000\341\000r\000i\000o}{chapter.7}% 40
\BOOKMARK [0][-]{chapter.8}{\376\377\000C\000o\000n\000c\000l\000u\000s\000\365\000e\000s\000\040\000e\000\040\000t\000r\000a\000b\000a\000l\000h\000o\000\040\000f\000u\000t\000u\000r\000o}{part.2}% 41
\BOOKMARK [1][-]{section.8.1}{\376\377\000C\000o\000n\000c\000l\000u\000s\000\365\000e\000s}{chapter.8}% 42
\BOOKMARK [1][-]{section.8.2}{\376\377\000P\000e\000r\000s\000p\000e\000t\000i\000v\000a\000\040\000d\000e\000\040\000t\000r\000a\000b\000a\000l\000h\000o\000\040\000f\000u\000t\000u\000r\000o}{chapter.8}% 43
\BOOKMARK [0][-]{chapter.9}{\376\377\000P\000l\000a\000n\000e\000a\000m\000e\000n\000t\000o}{part.2}% 44
\BOOKMARK [1][-]{section.9.1}{\376\377\000A\000t\000i\000v\000i\000d\000a\000d\000e\000s}{chapter.9}% 45
\BOOKMARK [-1][-]{part.3}{\376\377\000I\000I\000I\000\040\000A\000p\000\352\000n\000d\000i\000c\000e\000s}{}% 46
\BOOKMARK [0][-]{appendix.A}{\376\377\000T\000r\000a\000b\000a\000l\000h\000o\000\040\000d\000e\000\040\000a\000p\000o\000i\000o}{part.3}% 47
\BOOKMARK [0][-]{appendix.B}{\376\377\000D\000e\000t\000a\000l\000h\000e\000s\000\040\000d\000o\000s\000\040\000r\000e\000s\000u\000l\000t\000a\000d\000o\000s}{part.3}% 48
\BOOKMARK [0][-]{appendix.C}{\376\377\000L\000i\000s\000t\000i\000n\000g\000s}{part.3}% 49
\BOOKMARK [0][-]{appendix.D}{\376\377\000F\000e\000r\000r\000a\000m\000e\000n\000t\000a\000s}{part.3}% 50
